<?xml version="1.0" encoding="UTF-8" ?>
<testsuites>
 <testsuite name="TC1_NewCustomer" timestamp="2016-10-20T14:56:23" hostname="localhost" time="45.141" errors="0" tests="1" skipped="0" disabled="0" failures="1">
  <testcase classname="TC1_NewCustomer" name="TC1_NewCustomer" time="45.073">
   <failure type="exception" message="Failed: Index out of bound. Trying to access element at index: 0, but there are only 0 elements that match locator by.repeater(&quot;menuitem in menu.site&quot;)"><![CDATA[Error: Index out of bound. Trying to access element at index: 0, but there are only 0 elements that match locator by.repeater("menuitem in menu.site")
    at d:\SpragueProtractorFramework\node_modules\protractor\lib\element.js:257:15
    at [object Object].promise.ControlFlow.runInFrame_ (d:/SpragueProtractorFramework/node_modules/protractor/node_modules/selenium-webdriver/lib/goog/../webdriver/promise.js:1857:20)
    at [object Object].goog.defineClass.notify (d:/SpragueProtractorFramework/node_modules/protractor/node_modules/selenium-webdriver/lib/goog/../webdriver/promise.js:2448:25)
    at [object Object].promise.Promise.notify_ (d:/SpragueProtractorFramework/node_modules/protractor/node_modules/selenium-webdriver/lib/goog/../webdriver/promise.js:564:12)
    at Array.forEach (native)
    at [object Object].promise.Promise.notifyAll_ (d:/SpragueProtractorFramework/node_modules/protractor/node_modules/selenium-webdriver/lib/goog/../webdriver/promise.js:553:15)
    at goog.async.run.processWorkQueue (d:\SpragueProtractorFramework\node_modules\protractor\node_modules\selenium-webdriver\lib\goog\async\run.js:130:15)
    at process._tickCallback (node.js:368:9)
Error
    at [object Object].ElementArrayFinder.applyAction_ (d:\SpragueProtractorFramework\node_modules\protractor\lib\element.js:392:21)
    at [object Object].self.(anonymous function) [as getRawId] (d:\SpragueProtractorFramework\node_modules\protractor\lib\element.js:76:19)
    at [object Object].self.(anonymous function) [as getRawId] (d:\SpragueProtractorFramework\node_modules\protractor\lib\element.js:721:11)
    at [object Object].webdriver.ActionSequence.mouseMove (d:\SpragueProtractorFramework\node_modules\protractor\node_modules\selenium-webdriver\lib\webdriver\actionsequence.js:108:46)
    at Object.module.exports.moveMouseOnMenuItem (d:\SpragueProtractorFramework\library\actionLibrary.js:139:27)
    at Object.module.exports.selectMenuItem (d:\SpragueProtractorFramework\pageObjects\homePage.js:19:17)
    at Object.module.exports.getNewCustomerPage (d:\SpragueProtractorFramework\pageObjects\homePage.js:31:14)
    at Object.<anonymous> (d:\SpragueProtractorFramework\testCases\beforeSuite\tc1.newCustomerCreation.smoke.js:14:14)
    at d:\SpragueProtractorFramework\node_modules\protractor\node_modules\jasminewd2\index.js:96:23
    at new promise.Promise (d:/SpragueProtractorFramework/node_modules/protractor/node_modules/selenium-webdriver/lib/goog/../webdriver/promise.js:368:5)
From: Task: Run it("TC1_NewCustomer") in control flow
    at Object.<anonymous> (d:\SpragueProtractorFramework\node_modules\protractor\node_modules\jasminewd2\index.js:81:14)
    at attemptAsync (d:\SpragueProtractorFramework\node_modules\protractor\node_modules\jasmine\node_modules\jasmine-core\lib\jasmine-core\jasmine.js:1819:24)
    at QueueRunner.run (d:\SpragueProtractorFramework\node_modules\protractor\node_modules\jasmine\node_modules\jasmine-core\lib\jasmine-core\jasmine.js:1774:9)
    at d:\SpragueProtractorFramework\node_modules\protractor\node_modules\jasmine\node_modules\jasmine-core\lib\jasmine-core\jasmine.js:1801:16
    at d:\SpragueProtractorFramework\node_modules\protractor\node_modules\jasmine\node_modules\jasmine-core\lib\jasmine-core\jasmine.js:1745:9
    at d:\SpragueProtractorFramework\node_modules\protractor\node_modules\jasminewd2\index.js:18:5
    at [object Object].promise.ControlFlow.runInFrame_ (d:/SpragueProtractorFramework/node_modules/protractor/node_modules/selenium-webdriver/lib/goog/../webdriver/promise.js:1857:20)
    at [object Object].goog.defineClass.notify (d:/SpragueProtractorFramework/node_modules/protractor/node_modules/selenium-webdriver/lib/goog/../webdriver/promise.js:2448:25)
    at [object Object].promise.Promise.notify_ (d:/SpragueProtractorFramework/node_modules/protractor/node_modules/selenium-webdriver/lib/goog/../webdriver/promise.js:564:12)
    at Array.forEach (native)
From asynchronous test: 
Error
    at Suite.<anonymous> (d:\SpragueProtractorFramework\testCases\beforeSuite\tc1.newCustomerCreation.smoke.js:10:5)
    at addSpecsToSuite (d:\SpragueProtractorFramework\node_modules\protractor\node_modules\jasmine\node_modules\jasmine-core\lib\jasmine-core\jasmine.js:743:25)
    at Env.describe (d:\SpragueProtractorFramework\node_modules\protractor\node_modules\jasmine\node_modules\jasmine-core\lib\jasmine-core\jasmine.js:713:7)
    at jasmineInterface.describe (d:\SpragueProtractorFramework\node_modules\protractor\node_modules\jasmine\node_modules\jasmine-core\lib\jasmine-core\jasmine.js:3219:18)
    at Object.<anonymous> (d:\SpragueProtractorFramework\testCases\beforeSuite\tc1.newCustomerCreation.smoke.js:6:1)
    at Module._compile (module.js:435:26)
    at Object.Module._extensions..js (module.js:442:10)
    at Module.load (module.js:356:32)
    at Function.Module._load (module.js:311:12)]]>
   </failure>
  </testcase>
 </testsuite>
 <testsuite name="TC4_EditCustomer-Prospect-SalesRep" timestamp="2016-10-20T14:57:08" hostname="localhost" time="47.82" errors="0" tests="1" skipped="0" disabled="0" failures="1">
  <testcase classname="TC4_EditCustomer-Prospect-SalesRep" name="TC4 - Edit Customer - Prospect - Sales Rep" time="47.818">
   <failure type="exception" message="Failed: Index out of bound. Trying to access element at index: 0, but there are only 0 elements that match locator by.repeater(&quot;menuitem in menu.site&quot;)"><![CDATA[Error: Index out of bound. Trying to access element at index: 0, but there are only 0 elements that match locator by.repeater("menuitem in menu.site")
    at d:\SpragueProtractorFramework\node_modules\protractor\lib\element.js:257:15
    at [object Object].promise.ControlFlow.runInFrame_ (d:/SpragueProtractorFramework/node_modules/protractor/node_modules/selenium-webdriver/lib/goog/../webdriver/promise.js:1857:20)
    at [object Object].goog.defineClass.notify (d:/SpragueProtractorFramework/node_modules/protractor/node_modules/selenium-webdriver/lib/goog/../webdriver/promise.js:2448:25)
    at [object Object].promise.Promise.notify_ (d:/SpragueProtractorFramework/node_modules/protractor/node_modules/selenium-webdriver/lib/goog/../webdriver/promise.js:564:12)
    at Array.forEach (native)
    at [object Object].promise.Promise.notifyAll_ (d:/SpragueProtractorFramework/node_modules/protractor/node_modules/selenium-webdriver/lib/goog/../webdriver/promise.js:553:15)
    at goog.async.run.processWorkQueue (d:\SpragueProtractorFramework\node_modules\protractor\node_modules\selenium-webdriver\lib\goog\async\run.js:130:15)
    at process._tickCallback (node.js:368:9)
Error
    at [object Object].ElementArrayFinder.applyAction_ (d:\SpragueProtractorFramework\node_modules\protractor\lib\element.js:392:21)
    at [object Object].self.(anonymous function) [as getRawId] (d:\SpragueProtractorFramework\node_modules\protractor\lib\element.js:76:19)
    at [object Object].self.(anonymous function) [as getRawId] (d:\SpragueProtractorFramework\node_modules\protractor\lib\element.js:721:11)
    at [object Object].webdriver.ActionSequence.mouseMove (d:\SpragueProtractorFramework\node_modules\protractor\node_modules\selenium-webdriver\lib\webdriver\actionsequence.js:108:46)
    at Object.module.exports.moveMouseOnMenuItem (d:\SpragueProtractorFramework\library\actionLibrary.js:139:27)
    at Object.module.exports.selectMenuItem (d:\SpragueProtractorFramework\pageObjects\homePage.js:19:17)
    at Object.module.exports.getCustomersPage (d:\SpragueProtractorFramework\pageObjects\homePage.js:26:14)
    at Object.<anonymous> (d:\SpragueProtractorFramework\testCases\tc4.editProspectSalesRep.smoke.js:14:14)
    at d:\SpragueProtractorFramework\node_modules\protractor\node_modules\jasminewd2\index.js:96:23
    at new promise.Promise (d:/SpragueProtractorFramework/node_modules/protractor/node_modules/selenium-webdriver/lib/goog/../webdriver/promise.js:368:5)
From: Task: Run it("TC4 - Edit Customer - Prospect - Sales Rep") in control flow
    at Object.<anonymous> (d:\SpragueProtractorFramework\node_modules\protractor\node_modules\jasminewd2\index.js:81:14)
    at attemptAsync (d:\SpragueProtractorFramework\node_modules\protractor\node_modules\jasmine\node_modules\jasmine-core\lib\jasmine-core\jasmine.js:1819:24)
    at QueueRunner.run (d:\SpragueProtractorFramework\node_modules\protractor\node_modules\jasmine\node_modules\jasmine-core\lib\jasmine-core\jasmine.js:1774:9)
    at d:\SpragueProtractorFramework\node_modules\protractor\node_modules\jasmine\node_modules\jasmine-core\lib\jasmine-core\jasmine.js:1801:16
    at d:\SpragueProtractorFramework\node_modules\protractor\node_modules\jasmine\node_modules\jasmine-core\lib\jasmine-core\jasmine.js:1745:9
    at d:\SpragueProtractorFramework\node_modules\protractor\node_modules\jasminewd2\index.js:18:5
    at [object Object].promise.ControlFlow.runInFrame_ (d:/SpragueProtractorFramework/node_modules/protractor/node_modules/selenium-webdriver/lib/goog/../webdriver/promise.js:1857:20)
    at [object Object].goog.defineClass.notify (d:/SpragueProtractorFramework/node_modules/protractor/node_modules/selenium-webdriver/lib/goog/../webdriver/promise.js:2448:25)
    at [object Object].promise.Promise.notify_ (d:/SpragueProtractorFramework/node_modules/protractor/node_modules/selenium-webdriver/lib/goog/../webdriver/promise.js:564:12)
    at Array.forEach (native)
From asynchronous test: 
Error
    at Suite.<anonymous> (d:\SpragueProtractorFramework\testCases\tc4.editProspectSalesRep.smoke.js:10:4)
    at addSpecsToSuite (d:\SpragueProtractorFramework\node_modules\protractor\node_modules\jasmine\node_modules\jasmine-core\lib\jasmine-core\jasmine.js:743:25)
    at Env.describe (d:\SpragueProtractorFramework\node_modules\protractor\node_modules\jasmine\node_modules\jasmine-core\lib\jasmine-core\jasmine.js:713:7)
    at jasmineInterface.describe (d:\SpragueProtractorFramework\node_modules\protractor\node_modules\jasmine\node_modules\jasmine-core\lib\jasmine-core\jasmine.js:3219:18)
    at Object.<anonymous> (d:\SpragueProtractorFramework\testCases\tc4.editProspectSalesRep.smoke.js:6:1)
    at Module._compile (module.js:435:26)
    at Object.Module._extensions..js (module.js:442:10)
    at Module.load (module.js:356:32)
    at Function.Module._load (module.js:311:12)]]>
   </failure>
  </testcase>
 </testsuite>
</testsuites>